<!DOCTYPE html PUBLIC "-//W3C//DTD XHTML 1.1//EN" "https://www.w3.org/TR/xhtml11/DTD/xhtml11.dtd">
<html xmlns="https://www.w3.org/1999/xhtml">
<head>
<meta http-equiv="content-type" content="text/html; charset=UTF-8"/>
<title>TestNG Report</title>
<style type="text/css">table {margin-bottom:10px;border-collapse:collapse;empty-cells:show}th,td {border:1px solid #009;padding:.25em .5em}th {vertical-align:bottom}td {vertical-align:top}table a {font-weight:bold}.stripe td {background-color: #E6EBF9}.num {text-align:right}.passedodd td {background-color: #3F3}.passedeven td {background-color: #0A0}.skippedodd td {background-color: #DDD}.skippedeven td {background-color: #CCC}.failedodd td,.attn {background-color: #F33}.failedeven td,.stripe .attn {background-color: #D00}.stacktrace {white-space:pre;font-family:monospace}.totop {font-size:85%;text-align:center;border-bottom:2px solid #000}.invisible {display:none}</style>
</head>
<body>
<table>
<tr><th>Test</th><th># Passed</th><th># Skipped</th><th># Retried</th><th># Failed</th><th>Time (ms)</th><th>Included Groups</th><th>Excluded Groups</th></tr>
<tr><th colspan="8">Automation Practice Test Suite - Parallel Execution</th></tr>
<tr><td><a href="#t0">UI Automation Test</a></td><td class="num">0</td><td class="num attn">11</td><td class="num">0</td><td class="num">0</td><td class="num">1,156</td><td></td><td></td></tr>
</table>
<table id='summary'><thead><tr><th>Class</th><th>Method</th><th>Start</th><th>Time (ms)</th></tr></thead><tbody><tr><th colspan="4">Automation Practice Test Suite - Parallel Execution</th></tr></tbody><tbody id="t0"><tr><th colspan="4">UI Automation Test &#8212; failed (configuration methods)</th></tr><tr class="failedeven"><td rowspan="1">com.ui.tests.AddNewFirstAddressTest</td><td><a href="#m0">setUp</a></td><td rowspan="1">1746022411715</td><td rowspan="1">44</td></tr><tr class="failedodd"><td rowspan="1">com.ui.tests.LoginTest</td><td><a href="#m1">setUp</a></td><td rowspan="1">1746022411759</td><td rowspan="1">8</td></tr><tr class="failedeven"><td rowspan="1">com.ui.tests.LoginTestForInvalidCreds</td><td><a href="#m2">setUp</a></td><td rowspan="1">1746022411716</td><td rowspan="1">43</td></tr><tr class="failedodd"><td rowspan="1">com.ui.tests.ProductCheckoutTest</td><td><a href="#m3">setUp</a></td><td rowspan="1">1746022411716</td><td rowspan="1">43</td></tr><tr class="failedeven"><td rowspan="2">com.ui.tests.SearchProductTest</td><td><a href="#m4">setUp</a></td><td rowspan="2">1746022411716</td><td rowspan="2">43</td></tr><tr class="failedeven"><td><a href="#m5">setUp</a></td></tr><tr><th colspan="4">UI Automation Test &#8212; skipped (configuration methods)</th></tr><tr class="skippedeven"><td rowspan="2">com.ui.tests.AddNewFirstAddressTest</td><td><a href="#m6">setup</a></td><td rowspan="1">1746022411771</td><td rowspan="1">0</td></tr><tr class="skippedeven"><td><a href="#m7">tearDown</a></td><td rowspan="1">1746022411801</td><td rowspan="1">0</td></tr><tr class="skippedodd"><td rowspan="11">com.ui.tests.LoginTest</td><td><a href="#m8">setUp</a></td><td rowspan="5">1746022411804</td><td rowspan="5">0</td></tr><tr class="skippedodd"><td><a href="#m9">setUp</a></td></tr><tr class="skippedodd"><td><a href="#m10">setUp</a></td></tr><tr class="skippedodd"><td><a href="#m11">setUp</a></td></tr><tr class="skippedodd"><td><a href="#m12">setUp</a></td></tr><tr class="skippedodd"><td><a href="#m13">tearDown</a></td><td rowspan="6">1746022412616</td><td rowspan="6">0</td></tr><tr class="skippedodd"><td><a href="#m14">tearDown</a></td></tr><tr class="skippedodd"><td><a href="#m15">tearDown</a></td></tr><tr class="skippedodd"><td><a href="#m16">tearDown</a></td></tr><tr class="skippedodd"><td><a href="#m17">tearDown</a></td></tr><tr class="skippedodd"><td><a href="#m18">tearDown</a></td></tr><tr class="skippedeven"><td rowspan="1">com.ui.tests.LoginTestForInvalidCreds</td><td><a href="#m19">tearDown</a></td><td rowspan="1">1746022411798</td><td rowspan="1">0</td></tr><tr class="skippedodd"><td rowspan="2">com.ui.tests.ProductCheckoutTest</td><td><a href="#m20">setup</a></td><td rowspan="1">1746022411769</td><td rowspan="1">0</td></tr><tr class="skippedodd"><td><a href="#m21">tearDown</a></td><td rowspan="1">1746022411801</td><td rowspan="1">0</td></tr><tr class="skippedeven"><td rowspan="4">com.ui.tests.SearchProductTest</td><td><a href="#m22">setup</a></td><td rowspan="2">1746022411769</td><td rowspan="2">0</td></tr><tr class="skippedeven"><td><a href="#m23">setup</a></td></tr><tr class="skippedeven"><td><a href="#m24">tearDown</a></td><td rowspan="2">1746022411799</td><td rowspan="2">0</td></tr><tr class="skippedeven"><td><a href="#m25">tearDown</a></td></tr><tr><th colspan="4">UI Automation Test &#8212; skipped</th></tr><tr class="skippedeven"><td rowspan="1">com.ui.tests.AddNewFirstAddressTest</td><td><a href="#m26">addNewAddress</a></td><td rowspan="1">1746022411773</td><td rowspan="1">1</td></tr><tr class="skippedodd"><td rowspan="6">com.ui.tests.LoginTest</td><td><a href="#m27">loginCSVTest</a></td><td rowspan="2">1746022411773</td><td rowspan="2">1</td></tr><tr class="skippedodd"><td><a href="#m28">loginCSVTest</a></td></tr><tr class="skippedodd"><td><a href="#m29">loginExcelTest</a></td><td rowspan="2">1746022412617</td><td rowspan="2">1</td></tr><tr class="skippedodd"><td><a href="#m30">loginExcelTest</a></td></tr><tr class="skippedodd"><td><a href="#m31">loginJSONTest</a></td><td rowspan="2">1746022411825</td><td rowspan="2">0</td></tr><tr class="skippedodd"><td><a href="#m32">loginJSONTest</a></td></tr><tr class="skippedeven"><td rowspan="1">com.ui.tests.LoginTestForInvalidCreds</td><td><a href="#m33">loginTestInvalidCredentials</a></td><td rowspan="1">1746022411772</td><td rowspan="1">0</td></tr><tr class="skippedodd"><td rowspan="1">com.ui.tests.ProductCheckoutTest</td><td><a href="#m34">checkoutTest</a></td><td rowspan="1">1746022411773</td><td rowspan="1">1</td></tr><tr class="skippedeven"><td rowspan="2">com.ui.tests.SearchProductTest</td><td><a href="#m35">verifyInvalidProductTest</a></td><td rowspan="1">1746022411774</td><td rowspan="1">0</td></tr><tr class="skippedeven"><td><a href="#m36">verifyProductSearchTest</a></td><td rowspan="1">1746022411773</td><td rowspan="1">1</td></tr></tbody>
</table>
<h2>UI Automation Test</h2><h3 id="m0">com.ui.tests.AddNewFirstAddressTest#setUp</h3><table class="result"><tr class="param"><th>Parameter #1</th><th>Parameter #2</th><th>Parameter #3</th><th>Parameter #4</th></tr><tr class="param stripe"><td>${browser}</td><td>false</td><td>false</td><td>[TestResult name={null} status=CREATED method=AddNewFirstAddressTest.addNewAddress()[pri:0, instance:com.ui.tests.AddNewFirstAddressTest@21ba0741] output={null}]</td></tr><tr><th colspan="4">Exception</th></tr><tr><td colspan="4"><div class="stacktrace">java.lang.IllegalArgumentException: No enum constant com.constants.Browser.${BROWSER}
	at java.base/java.lang.Enum.valueOf(Enum.java:293)
	at com.constants.Browser.valueOf(Browser.java:3)
	at com.ui.tests.TestBase.setUp(TestBase.java:42)
	at java.base/java.util.concurrent.Executors$RunnableAdapter.call(Executors.java:572)
	at java.base/java.util.concurrent.FutureTask.run(FutureTask.java:317)
	at java.base/java.util.concurrent.ThreadPoolExecutor.runWorker(ThreadPoolExecutor.java:1144)
	at java.base/java.util.concurrent.ThreadPoolExecutor$Worker.run(ThreadPoolExecutor.java:642)
	at java.base/java.lang.Thread.run(Thread.java:1583)
... Removed 15 stack frames</div></td></tr></table><p class="totop"><a href="#summary">back to summary</a></p>
<h3 id="m1">com.ui.tests.LoginTest#setUp</h3><table class="result"><tr class="param"><th>Parameter #1</th><th>Parameter #2</th><th>Parameter #3</th><th>Parameter #4</th></tr><tr class="param stripe"><td>${browser}</td><td>false</td><td>false</td><td>[TestResult name={null} status=CREATED method=LoginTest.loginCSVTest(com.ui.pojos.User)[pri:0, instance:com.ui.tests.LoginTest@82ea68c] output={null}]</td></tr><tr><th colspan="4">Exception</th></tr><tr><td colspan="4"><div class="stacktrace">java.lang.IllegalArgumentException: No enum constant com.constants.Browser.${BROWSER}
	at java.base/java.lang.Enum.valueOf(Enum.java:293)
	at com.constants.Browser.valueOf(Browser.java:3)
	at com.ui.tests.TestBase.setUp(TestBase.java:42)
	at java.base/java.util.concurrent.Executors$RunnableAdapter.call(Executors.java:572)
	at java.base/java.util.concurrent.FutureTask.run(FutureTask.java:317)
	at java.base/java.util.concurrent.ThreadPoolExecutor.runWorker(ThreadPoolExecutor.java:1144)
	at java.base/java.util.concurrent.ThreadPoolExecutor$Worker.run(ThreadPoolExecutor.java:642)
	at java.base/java.lang.Thread.run(Thread.java:1583)
... Removed 15 stack frames</div></td></tr></table><p class="totop"><a href="#summary">back to summary</a></p>
<h3 id="m2">com.ui.tests.LoginTestForInvalidCreds#setUp</h3><table class="result"><tr class="param"><th>Parameter #1</th><th>Parameter #2</th><th>Parameter #3</th><th>Parameter #4</th></tr><tr class="param stripe"><td>${browser}</td><td>false</td><td>false</td><td>[TestResult name={null} status=CREATED method=LoginTestForInvalidCreds.loginTestInvalidCredentials()[pri:0, instance:com.ui.tests.LoginTestForInvalidCreds@4f3bbf68] output={null}]</td></tr><tr><th colspan="4">Exception</th></tr><tr><td colspan="4"><div class="stacktrace">java.lang.IllegalArgumentException: No enum constant com.constants.Browser.${BROWSER}
	at java.base/java.lang.Enum.valueOf(Enum.java:293)
	at com.constants.Browser.valueOf(Browser.java:3)
	at com.ui.tests.TestBase.setUp(TestBase.java:42)
	at java.base/java.util.concurrent.Executors$RunnableAdapter.call(Executors.java:572)
	at java.base/java.util.concurrent.FutureTask.run(FutureTask.java:317)
	at java.base/java.util.concurrent.ThreadPoolExecutor.runWorker(ThreadPoolExecutor.java:1144)
	at java.base/java.util.concurrent.ThreadPoolExecutor$Worker.run(ThreadPoolExecutor.java:642)
	at java.base/java.lang.Thread.run(Thread.java:1583)
... Removed 15 stack frames</div></td></tr></table><p class="totop"><a href="#summary">back to summary</a></p>
<h3 id="m3">com.ui.tests.ProductCheckoutTest#setUp</h3><table class="result"><tr class="param"><th>Parameter #1</th><th>Parameter #2</th><th>Parameter #3</th><th>Parameter #4</th></tr><tr class="param stripe"><td>${browser}</td><td>false</td><td>false</td><td>[TestResult name={null} status=CREATED method=ProductCheckoutTest.checkoutTest()[pri:0, instance:com.ui.tests.ProductCheckoutTest@58ce9668] output={null}]</td></tr><tr><th colspan="4">Exception</th></tr><tr><td colspan="4"><div class="stacktrace">java.lang.IllegalArgumentException: No enum constant com.constants.Browser.${BROWSER}
	at java.base/java.lang.Enum.valueOf(Enum.java:293)
	at com.constants.Browser.valueOf(Browser.java:3)
	at com.ui.tests.TestBase.setUp(TestBase.java:42)
	at java.base/java.util.concurrent.Executors$RunnableAdapter.call(Executors.java:572)
	at java.base/java.util.concurrent.FutureTask.run(FutureTask.java:317)
	at java.base/java.util.concurrent.ThreadPoolExecutor.runWorker(ThreadPoolExecutor.java:1144)
	at java.base/java.util.concurrent.ThreadPoolExecutor$Worker.run(ThreadPoolExecutor.java:642)
	at java.base/java.lang.Thread.run(Thread.java:1583)
... Removed 15 stack frames</div></td></tr></table><p class="totop"><a href="#summary">back to summary</a></p>
<h3 id="m4">com.ui.tests.SearchProductTest#setUp</h3><table class="result"><tr class="param"><th>Parameter #1</th><th>Parameter #2</th><th>Parameter #3</th><th>Parameter #4</th></tr><tr class="param stripe"><td>${browser}</td><td>false</td><td>false</td><td>[TestResult name={null} status=CREATED method=SearchProductTest.verifyProductSearchTest()[pri:0, instance:com.ui.tests.SearchProductTest@1efe439d] output={null}]</td></tr><tr><th colspan="4">Exception</th></tr><tr><td colspan="4"><div class="stacktrace">java.lang.IllegalArgumentException: No enum constant com.constants.Browser.${BROWSER}
	at java.base/java.lang.Enum.valueOf(Enum.java:293)
	at com.constants.Browser.valueOf(Browser.java:3)
	at com.ui.tests.TestBase.setUp(TestBase.java:42)
	at java.base/java.util.concurrent.Executors$RunnableAdapter.call(Executors.java:572)
	at java.base/java.util.concurrent.FutureTask.run(FutureTask.java:317)
	at java.base/java.util.concurrent.ThreadPoolExecutor.runWorker(ThreadPoolExecutor.java:1144)
	at java.base/java.util.concurrent.ThreadPoolExecutor$Worker.run(ThreadPoolExecutor.java:642)
	at java.base/java.lang.Thread.run(Thread.java:1583)
... Removed 15 stack frames</div></td></tr></table><p class="totop"><a href="#summary">back to summary</a></p>
<h3 id="m5">com.ui.tests.SearchProductTest#setUp</h3><table class="result"><tr class="param"><th>Parameter #1</th><th>Parameter #2</th><th>Parameter #3</th><th>Parameter #4</th></tr><tr class="param stripe"><td>${browser}</td><td>false</td><td>false</td><td>[TestResult name={null} status=CREATED method=SearchProductTest.verifyInvalidProductTest()[pri:0, instance:com.ui.tests.SearchProductTest@1efe439d] output={null}]</td></tr><tr><th colspan="4">Exception</th></tr><tr><td colspan="4"><div class="stacktrace">java.lang.IllegalArgumentException: No enum constant com.constants.Browser.${BROWSER}
	at java.base/java.lang.Enum.valueOf(Enum.java:293)
	at com.constants.Browser.valueOf(Browser.java:3)
	at com.ui.tests.TestBase.setUp(TestBase.java:42)
	at java.base/java.util.concurrent.Executors$RunnableAdapter.call(Executors.java:572)
	at java.base/java.util.concurrent.FutureTask.run(FutureTask.java:317)
	at java.base/java.util.concurrent.ThreadPoolExecutor.runWorker(ThreadPoolExecutor.java:1144)
	at java.base/java.util.concurrent.ThreadPoolExecutor$Worker.run(ThreadPoolExecutor.java:642)
	at java.base/java.lang.Thread.run(Thread.java:1583)
... Removed 15 stack frames</div></td></tr></table><p class="totop"><a href="#summary">back to summary</a></p>
<h3 id="m6">com.ui.tests.AddNewFirstAddressTest#setup</h3><table class="result"><tr><th class="invisible"/></tr></table><p class="totop"><a href="#summary">back to summary</a></p>
<h3 id="m7">com.ui.tests.AddNewFirstAddressTest#tearDown</h3><table class="result"><tr><th class="invisible"/></tr></table><p class="totop"><a href="#summary">back to summary</a></p>
<h3 id="m8">com.ui.tests.LoginTest#setUp</h3><table class="result"><tr><th class="invisible"/></tr></table><p class="totop"><a href="#summary">back to summary</a></p>
<h3 id="m9">com.ui.tests.LoginTest#setUp</h3><table class="result"><tr><th class="invisible"/></tr></table><p class="totop"><a href="#summary">back to summary</a></p>
<h3 id="m10">com.ui.tests.LoginTest#setUp</h3><table class="result"><tr><th class="invisible"/></tr></table><p class="totop"><a href="#summary">back to summary</a></p>
<h3 id="m11">com.ui.tests.LoginTest#setUp</h3><table class="result"><tr><th class="invisible"/></tr></table><p class="totop"><a href="#summary">back to summary</a></p>
<h3 id="m12">com.ui.tests.LoginTest#setUp</h3><table class="result"><tr><th class="invisible"/></tr></table><p class="totop"><a href="#summary">back to summary</a></p>
<h3 id="m13">com.ui.tests.LoginTest#tearDown</h3><table class="result"><tr><th class="invisible"/></tr></table><p class="totop"><a href="#summary">back to summary</a></p>
<h3 id="m14">com.ui.tests.LoginTest#tearDown</h3><table class="result"><tr><th class="invisible"/></tr></table><p class="totop"><a href="#summary">back to summary</a></p>
<h3 id="m15">com.ui.tests.LoginTest#tearDown</h3><table class="result"><tr><th class="invisible"/></tr></table><p class="totop"><a href="#summary">back to summary</a></p>
<h3 id="m16">com.ui.tests.LoginTest#tearDown</h3><table class="result"><tr><th class="invisible"/></tr></table><p class="totop"><a href="#summary">back to summary</a></p>
<h3 id="m17">com.ui.tests.LoginTest#tearDown</h3><table class="result"><tr><th class="invisible"/></tr></table><p class="totop"><a href="#summary">back to summary</a></p>
<h3 id="m18">com.ui.tests.LoginTest#tearDown</h3><table class="result"><tr><th class="invisible"/></tr></table><p class="totop"><a href="#summary">back to summary</a></p>
<h3 id="m19">com.ui.tests.LoginTestForInvalidCreds#tearDown</h3><table class="result"><tr><th class="invisible"/></tr></table><p class="totop"><a href="#summary">back to summary</a></p>
<h3 id="m20">com.ui.tests.ProductCheckoutTest#setup</h3><table class="result"><tr><th class="invisible"/></tr></table><p class="totop"><a href="#summary">back to summary</a></p>
<h3 id="m21">com.ui.tests.ProductCheckoutTest#tearDown</h3><table class="result"><tr><th class="invisible"/></tr></table><p class="totop"><a href="#summary">back to summary</a></p>
<h3 id="m22">com.ui.tests.SearchProductTest#setup</h3><table class="result"><tr><th class="invisible"/></tr></table><p class="totop"><a href="#summary">back to summary</a></p>
<h3 id="m23">com.ui.tests.SearchProductTest#setup</h3><table class="result"><tr><th class="invisible"/></tr></table><p class="totop"><a href="#summary">back to summary</a></p>
<h3 id="m24">com.ui.tests.SearchProductTest#tearDown</h3><table class="result"><tr><th class="invisible"/></tr></table><p class="totop"><a href="#summary">back to summary</a></p>
<h3 id="m25">com.ui.tests.SearchProductTest#tearDown</h3><table class="result"><tr><th class="invisible"/></tr></table><p class="totop"><a href="#summary">back to summary</a></p>
<h3 id="m26">com.ui.tests.AddNewFirstAddressTest#addNewAddress</h3><table class="result"><tr><th>Exception</th></tr><tr><td><div class="stacktrace">java.lang.IllegalArgumentException: No enum constant com.constants.Browser.${BROWSER}
	at java.base/java.lang.Enum.valueOf(Enum.java:293)
	at com.constants.Browser.valueOf(Browser.java:3)
	at com.ui.tests.TestBase.setUp(TestBase.java:42)
	at java.base/java.util.concurrent.Executors$RunnableAdapter.call(Executors.java:572)
	at java.base/java.util.concurrent.FutureTask.run(FutureTask.java:317)
	at java.base/java.util.concurrent.ThreadPoolExecutor.runWorker(ThreadPoolExecutor.java:1144)
	at java.base/java.util.concurrent.ThreadPoolExecutor$Worker.run(ThreadPoolExecutor.java:642)
	at java.base/java.lang.Thread.run(Thread.java:1583)
... Removed 15 stack frames</div></td></tr></table><p class="totop"><a href="#summary">back to summary</a></p>
<h3 id="m27">com.ui.tests.LoginTest#loginCSVTest</h3><table class="result"><tr class="param"><th>Parameter #1</th></tr><tr class="param stripe"><td>User{emailAddress=&apos;harsshal@gmail.com&apos;, password=&apos;harsshal&apos;}</td></tr><tr><th>Exception</th></tr><tr><td><div class="stacktrace">java.lang.IllegalArgumentException: No enum constant com.constants.Browser.${BROWSER}
	at java.base/java.lang.Enum.valueOf(Enum.java:293)
	at com.constants.Browser.valueOf(Browser.java:3)
	at com.ui.tests.TestBase.setUp(TestBase.java:42)
	at java.base/java.util.concurrent.Executors$RunnableAdapter.call(Executors.java:572)
	at java.base/java.util.concurrent.FutureTask.run(FutureTask.java:317)
	at java.base/java.util.concurrent.ThreadPoolExecutor.runWorker(ThreadPoolExecutor.java:1144)
	at java.base/java.util.concurrent.ThreadPoolExecutor$Worker.run(ThreadPoolExecutor.java:642)
	at java.base/java.lang.Thread.run(Thread.java:1583)
... Removed 15 stack frames</div></td></tr></table><p class="totop"><a href="#summary">back to summary</a></p>
<h3 id="m28">com.ui.tests.LoginTest#loginCSVTest</h3><table class="result"><tr class="param"><th>Parameter #1</th></tr><tr class="param stripe"><td>User{emailAddress=&apos;AS123@gmail.com&apos;, password=&apos;password&apos;}</td></tr><tr><th>Exception</th></tr><tr><td><div class="stacktrace">java.lang.IllegalArgumentException: No enum constant com.constants.Browser.${BROWSER}
	at java.base/java.lang.Enum.valueOf(Enum.java:293)
	at com.constants.Browser.valueOf(Browser.java:3)
	at com.ui.tests.TestBase.setUp(TestBase.java:42)
	at java.base/java.util.concurrent.Executors$RunnableAdapter.call(Executors.java:572)
	at java.base/java.util.concurrent.FutureTask.run(FutureTask.java:317)
	at java.base/java.util.concurrent.ThreadPoolExecutor.runWorker(ThreadPoolExecutor.java:1144)
	at java.base/java.util.concurrent.ThreadPoolExecutor$Worker.run(ThreadPoolExecutor.java:642)
	at java.base/java.lang.Thread.run(Thread.java:1583)
... Removed 15 stack frames</div></td></tr></table><p class="totop"><a href="#summary">back to summary</a></p>
<h3 id="m29">com.ui.tests.LoginTest#loginExcelTest</h3><table class="result"><tr class="param"><th>Parameter #1</th></tr><tr class="param stripe"><td>User{emailAddress=&apos;RohitSharma@gmail.com&apos;, password=&apos;password&apos;}</td></tr><tr><th>Exception</th></tr><tr><td><div class="stacktrace">java.lang.IllegalArgumentException: No enum constant com.constants.Browser.${BROWSER}
	at java.base/java.lang.Enum.valueOf(Enum.java:293)
	at com.constants.Browser.valueOf(Browser.java:3)
	at com.ui.tests.TestBase.setUp(TestBase.java:42)
	at java.base/java.util.concurrent.Executors$RunnableAdapter.call(Executors.java:572)
	at java.base/java.util.concurrent.FutureTask.run(FutureTask.java:317)
	at java.base/java.util.concurrent.ThreadPoolExecutor.runWorker(ThreadPoolExecutor.java:1144)
	at java.base/java.util.concurrent.ThreadPoolExecutor$Worker.run(ThreadPoolExecutor.java:642)
	at java.base/java.lang.Thread.run(Thread.java:1583)
... Removed 15 stack frames</div></td></tr></table><p class="totop"><a href="#summary">back to summary</a></p>
<h3 id="m30">com.ui.tests.LoginTest#loginExcelTest</h3><table class="result"><tr class="param"><th>Parameter #1</th></tr><tr class="param stripe"><td>User{emailAddress=&apos;harsshal@gmail.com&apos;, password=&apos;harsshal&apos;}</td></tr><tr><th>Exception</th></tr><tr><td><div class="stacktrace">java.lang.IllegalArgumentException: No enum constant com.constants.Browser.${BROWSER}
	at java.base/java.lang.Enum.valueOf(Enum.java:293)
	at com.constants.Browser.valueOf(Browser.java:3)
	at com.ui.tests.TestBase.setUp(TestBase.java:42)
	at java.base/java.util.concurrent.Executors$RunnableAdapter.call(Executors.java:572)
	at java.base/java.util.concurrent.FutureTask.run(FutureTask.java:317)
	at java.base/java.util.concurrent.ThreadPoolExecutor.runWorker(ThreadPoolExecutor.java:1144)
	at java.base/java.util.concurrent.ThreadPoolExecutor$Worker.run(ThreadPoolExecutor.java:642)
	at java.base/java.lang.Thread.run(Thread.java:1583)
... Removed 15 stack frames</div></td></tr></table><p class="totop"><a href="#summary">back to summary</a></p>
<h3 id="m31">com.ui.tests.LoginTest#loginJSONTest</h3><table class="result"><tr class="param"><th>Parameter #1</th></tr><tr class="param stripe"><td>User{emailAddress=&apos;laosLife@gmail.com&apos;, password=&apos;password&apos;}</td></tr><tr><th>Exception</th></tr><tr><td><div class="stacktrace">java.lang.IllegalArgumentException: No enum constant com.constants.Browser.${BROWSER}
	at java.base/java.lang.Enum.valueOf(Enum.java:293)
	at com.constants.Browser.valueOf(Browser.java:3)
	at com.ui.tests.TestBase.setUp(TestBase.java:42)
	at java.base/java.util.concurrent.Executors$RunnableAdapter.call(Executors.java:572)
	at java.base/java.util.concurrent.FutureTask.run(FutureTask.java:317)
	at java.base/java.util.concurrent.ThreadPoolExecutor.runWorker(ThreadPoolExecutor.java:1144)
	at java.base/java.util.concurrent.ThreadPoolExecutor$Worker.run(ThreadPoolExecutor.java:642)
	at java.base/java.lang.Thread.run(Thread.java:1583)
... Removed 15 stack frames</div></td></tr></table><p class="totop"><a href="#summary">back to summary</a></p>
<h3 id="m32">com.ui.tests.LoginTest#loginJSONTest</h3><table class="result"><tr class="param"><th>Parameter #1</th></tr><tr class="param stripe"><td>User{emailAddress=&apos;harsshal@gmail.com&apos;, password=&apos;harsshal&apos;}</td></tr><tr><th>Exception</th></tr><tr><td><div class="stacktrace">java.lang.IllegalArgumentException: No enum constant com.constants.Browser.${BROWSER}
	at java.base/java.lang.Enum.valueOf(Enum.java:293)
	at com.constants.Browser.valueOf(Browser.java:3)
	at com.ui.tests.TestBase.setUp(TestBase.java:42)
	at java.base/java.util.concurrent.Executors$RunnableAdapter.call(Executors.java:572)
	at java.base/java.util.concurrent.FutureTask.run(FutureTask.java:317)
	at java.base/java.util.concurrent.ThreadPoolExecutor.runWorker(ThreadPoolExecutor.java:1144)
	at java.base/java.util.concurrent.ThreadPoolExecutor$Worker.run(ThreadPoolExecutor.java:642)
	at java.base/java.lang.Thread.run(Thread.java:1583)
... Removed 15 stack frames</div></td></tr></table><p class="totop"><a href="#summary">back to summary</a></p>
<h3 id="m33">com.ui.tests.LoginTestForInvalidCreds#loginTestInvalidCredentials</h3><table class="result"><tr><th>Exception</th></tr><tr><td><div class="stacktrace">java.lang.IllegalArgumentException: No enum constant com.constants.Browser.${BROWSER}
	at java.base/java.lang.Enum.valueOf(Enum.java:293)
	at com.constants.Browser.valueOf(Browser.java:3)
	at com.ui.tests.TestBase.setUp(TestBase.java:42)
	at java.base/java.util.concurrent.Executors$RunnableAdapter.call(Executors.java:572)
	at java.base/java.util.concurrent.FutureTask.run(FutureTask.java:317)
	at java.base/java.util.concurrent.ThreadPoolExecutor.runWorker(ThreadPoolExecutor.java:1144)
	at java.base/java.util.concurrent.ThreadPoolExecutor$Worker.run(ThreadPoolExecutor.java:642)
	at java.base/java.lang.Thread.run(Thread.java:1583)
... Removed 15 stack frames</div></td></tr></table><p class="totop"><a href="#summary">back to summary</a></p>
<h3 id="m34">com.ui.tests.ProductCheckoutTest#checkoutTest</h3><table class="result"><tr><th>Exception</th></tr><tr><td><div class="stacktrace">java.lang.IllegalArgumentException: No enum constant com.constants.Browser.${BROWSER}
	at java.base/java.lang.Enum.valueOf(Enum.java:293)
	at com.constants.Browser.valueOf(Browser.java:3)
	at com.ui.tests.TestBase.setUp(TestBase.java:42)
	at java.base/java.util.concurrent.Executors$RunnableAdapter.call(Executors.java:572)
	at java.base/java.util.concurrent.FutureTask.run(FutureTask.java:317)
	at java.base/java.util.concurrent.ThreadPoolExecutor.runWorker(ThreadPoolExecutor.java:1144)
	at java.base/java.util.concurrent.ThreadPoolExecutor$Worker.run(ThreadPoolExecutor.java:642)
	at java.base/java.lang.Thread.run(Thread.java:1583)
... Removed 15 stack frames</div></td></tr></table><p class="totop"><a href="#summary">back to summary</a></p>
<h3 id="m35">com.ui.tests.SearchProductTest#verifyInvalidProductTest</h3><table class="result"><tr><th>Exception</th></tr><tr><td><div class="stacktrace">java.lang.IllegalArgumentException: No enum constant com.constants.Browser.${BROWSER}
	at java.base/java.lang.Enum.valueOf(Enum.java:293)
	at com.constants.Browser.valueOf(Browser.java:3)
	at com.ui.tests.TestBase.setUp(TestBase.java:42)
	at java.base/java.util.concurrent.Executors$RunnableAdapter.call(Executors.java:572)
	at java.base/java.util.concurrent.FutureTask.run(FutureTask.java:317)
	at java.base/java.util.concurrent.ThreadPoolExecutor.runWorker(ThreadPoolExecutor.java:1144)
	at java.base/java.util.concurrent.ThreadPoolExecutor$Worker.run(ThreadPoolExecutor.java:642)
	at java.base/java.lang.Thread.run(Thread.java:1583)
... Removed 15 stack frames</div></td></tr></table><p class="totop"><a href="#summary">back to summary</a></p>
<h3 id="m36">com.ui.tests.SearchProductTest#verifyProductSearchTest</h3><table class="result"><tr><th>Exception</th></tr><tr><td><div class="stacktrace">java.lang.IllegalArgumentException: No enum constant com.constants.Browser.${BROWSER}
	at java.base/java.lang.Enum.valueOf(Enum.java:293)
	at com.constants.Browser.valueOf(Browser.java:3)
	at com.ui.tests.TestBase.setUp(TestBase.java:42)
	at java.base/java.util.concurrent.Executors$RunnableAdapter.call(Executors.java:572)
	at java.base/java.util.concurrent.FutureTask.run(FutureTask.java:317)
	at java.base/java.util.concurrent.ThreadPoolExecutor.runWorker(ThreadPoolExecutor.java:1144)
	at java.base/java.util.concurrent.ThreadPoolExecutor$Worker.run(ThreadPoolExecutor.java:642)
	at java.base/java.lang.Thread.run(Thread.java:1583)
... Removed 15 stack frames</div></td></tr></table><p class="totop"><a href="#summary">back to summary</a></p>
</body>
</html>
